Build started 7/12/2012 2:54:24 PM.
     1>Project "F:\StudyMaterial\VS2010 Projects\Projects\VersionNumberComparison\VersionNumberComparison\VersionNumberComparison.vcxproj" on node 2 (build target(s)).
     1>InitializeBuildStatus:
         Creating "Debug\VersionNumberComparison.unsuccessfulbuild" because "AlwaysCreate" was specified.
       ClCompile:
         c:\Program Files (x86)\Microsoft Visual Studio 10.0\VC\bin\CL.exe /c /ZI /nologo /W3 /WX- /Od /Oy- /D _MBCS /Gm /EHsc /RTC1 /MDd /GS /fp:precise /Zc:wchar_t /Zc:forScope /Fo"Debug\\" /Fd"Debug\vc100.pdb" /Gd /TP /analyze- /errorReport:prompt main.cpp
         main.cpp
     1>f:\studymaterial\vs2010 projects\projects\versionnumbercomparison\versionnumbercomparison\main.cpp(14): warning C4101: 'token' : unreferenced local variable
     1>f:\studymaterial\vs2010 projects\projects\versionnumbercomparison\versionnumbercomparison\main.cpp(36): warning C4996: 'strtok': This function or variable may be unsafe. Consider using strtok_s instead. To disable deprecation, use _CRT_SECURE_NO_WARNINGS. See online help for details.
                 c:\program files (x86)\microsoft visual studio 10.0\vc\include\string.h(197) : see declaration of 'strtok'
     1>f:\studymaterial\vs2010 projects\projects\versionnumbercomparison\versionnumbercomparison\main.cpp(42): warning C4996: 'strtok': This function or variable may be unsafe. Consider using strtok_s instead. To disable deprecation, use _CRT_SECURE_NO_WARNINGS. See online help for details.
                 c:\program files (x86)\microsoft visual studio 10.0\vc\include\string.h(197) : see declaration of 'strtok'
       Link:
         c:\Program Files (x86)\Microsoft Visual Studio 10.0\VC\bin\link.exe /ERRORREPORT:PROMPT /OUT:"F:\StudyMaterial\VS2010 Projects\Projects\VersionNumberComparison\Debug\VersionNumberComparison.exe" /NOLOGO kernel32.lib user32.lib gdi32.lib winspool.lib comdlg32.lib advapi32.lib shell32.lib ole32.lib oleaut32.lib uuid.lib odbc32.lib odbccp32.lib /MANIFEST /ManifestFile:"Debug\VersionNumberComparison.exe.intermediate.manifest" /MANIFESTUAC:"level='asInvoker' uiAccess='false'" /DEBUG /PDB:"F:\StudyMaterial\VS2010 Projects\Projects\VersionNumberComparison\Debug\VersionNumberComparison.pdb" /TLBID:1 /DYNAMICBASE /NXCOMPAT /IMPLIB:"F:\StudyMaterial\VS2010 Projects\Projects\VersionNumberComparison\Debug\VersionNumberComparison.lib" /MACHINE:X86 Debug\main.obj
         LINK : F:\StudyMaterial\VS2010 Projects\Projects\VersionNumberComparison\Debug\VersionNumberComparison.exe not found or not built by the last incremental link; performing full link
         VersionNumberComparison.vcxproj -> F:\StudyMaterial\VS2010 Projects\Projects\VersionNumberComparison\Debug\VersionNumberComparison.exe
       Manifest:
         C:\Program Files (x86)\Microsoft SDKs\Windows\v7.0A\bin\mt.exe /nologo /verbose /outputresource:"F:\StudyMaterial\VS2010 Projects\Projects\VersionNumberComparison\Debug\VersionNumberComparison.exe;#1" /manifest Debug\VersionNumberComparison.exe.intermediate.manifest
       FinalizeBuildStatus:
         Deleting file "Debug\VersionNumberComparison.unsuccessfulbuild".
         Touching "Debug\VersionNumberComparison.lastbuildstate".
     1>Done Building Project "F:\StudyMaterial\VS2010 Projects\Projects\VersionNumberComparison\VersionNumberComparison\VersionNumberComparison.vcxproj" (build target(s)).

Build succeeded.

Time Elapsed 00:00:00.95
