Build started 6/30/2012 6:36:12 PM.
     1>Project "F:\StudyMaterial\VS2010 Projects\Projects\LinkedListTraversals\LinkedListTraversals\LinkedListTraversals.vcxproj" on node 2 (build target(s)).
     1>InitializeBuildStatus:
         Creating "Debug\LinkedListTraversals.unsuccessfulbuild" because "AlwaysCreate" was specified.
       ClCompile:
         c:\Program Files (x86)\Microsoft Visual Studio 10.0\VC\bin\CL.exe /c /ZI /nologo /W3 /WX- /Od /Oy- /D _MBCS /Gm /EHsc /RTC1 /MDd /GS /fp:precise /Zc:wchar_t /Zc:forScope /Fo"Debug\\" /Fd"Debug\vc100.pdb" /Gd /TP /analyze- /errorReport:prompt Linked_List.cpp
         Linked_List.cpp
       Link:
         c:\Program Files (x86)\Microsoft Visual Studio 10.0\VC\bin\link.exe /ERRORREPORT:PROMPT /OUT:"F:\StudyMaterial\VS2010 Projects\Projects\LinkedListTraversals\Debug\LinkedListTraversals.exe" /NOLOGO kernel32.lib user32.lib gdi32.lib winspool.lib comdlg32.lib advapi32.lib shell32.lib ole32.lib oleaut32.lib uuid.lib odbc32.lib odbccp32.lib /MANIFEST /ManifestFile:"Debug\LinkedListTraversals.exe.intermediate.manifest" /MANIFESTUAC:"level='asInvoker' uiAccess='false'" /DEBUG /PDB:"F:\StudyMaterial\VS2010 Projects\Projects\LinkedListTraversals\Debug\LinkedListTraversals.pdb" /TLBID:1 /DYNAMICBASE /NXCOMPAT /IMPLIB:"F:\StudyMaterial\VS2010 Projects\Projects\LinkedListTraversals\Debug\LinkedListTraversals.lib" /MACHINE:X86 Debug\Linked_List.obj
         Debug\main.obj
         Debug\node.obj
         LINK : F:\StudyMaterial\VS2010 Projects\Projects\LinkedListTraversals\Debug\LinkedListTraversals.exe not found or not built by the last incremental link; performing full link
         LinkedListTraversals.vcxproj -> F:\StudyMaterial\VS2010 Projects\Projects\LinkedListTraversals\Debug\LinkedListTraversals.exe
       Manifest:
         C:\Program Files (x86)\Microsoft SDKs\Windows\v7.0A\bin\mt.exe /nologo /verbose /outputresource:"F:\StudyMaterial\VS2010 Projects\Projects\LinkedListTraversals\Debug\LinkedListTraversals.exe;#1" /manifest Debug\LinkedListTraversals.exe.intermediate.manifest
       FinalizeBuildStatus:
         Deleting file "Debug\LinkedListTraversals.unsuccessfulbuild".
         Touching "Debug\LinkedListTraversals.lastbuildstate".
     1>Done Building Project "F:\StudyMaterial\VS2010 Projects\Projects\LinkedListTraversals\LinkedListTraversals\LinkedListTraversals.vcxproj" (build target(s)).

Build succeeded.

Time Elapsed 00:00:00.84
