Build started 7/4/2012 2:50:17 PM.
     1>Project "F:\StudyMaterial\VS2010 Projects\Projects\PrintAllSubsets\PrintAllSubsets\PrintAllSubsets.vcxproj" on node 2 (build target(s)).
     1>InitializeBuildStatus:
         Creating "Debug\PrintAllSubsets.unsuccessfulbuild" because "AlwaysCreate" was specified.
       ClCompile:
         c:\Program Files (x86)\Microsoft Visual Studio 10.0\VC\bin\CL.exe /c /ZI /nologo /W3 /WX- /Od /Oy- /D _MBCS /Gm /EHsc /RTC1 /MDd /GS /fp:precise /Zc:wchar_t /Zc:forScope /Fo"Debug\\" /Fd"Debug\vc100.pdb" /Gd /TP /analyze- /errorReport:prompt main.cpp
         main.cpp
     1>f:\studymaterial\vs2010 projects\projects\printallsubsets\printallsubsets\main.cpp(7): warning C4244: 'initializing' : conversion from 'double' to 'int', possible loss of data
       Link:
         c:\Program Files (x86)\Microsoft Visual Studio 10.0\VC\bin\link.exe /ERRORREPORT:PROMPT /OUT:"F:\StudyMaterial\VS2010 Projects\Projects\PrintAllSubsets\Debug\PrintAllSubsets.exe" /NOLOGO kernel32.lib user32.lib gdi32.lib winspool.lib comdlg32.lib advapi32.lib shell32.lib ole32.lib oleaut32.lib uuid.lib odbc32.lib odbccp32.lib /MANIFEST /ManifestFile:"Debug\PrintAllSubsets.exe.intermediate.manifest" /MANIFESTUAC:"level='asInvoker' uiAccess='false'" /DEBUG /PDB:"F:\StudyMaterial\VS2010 Projects\Projects\PrintAllSubsets\Debug\PrintAllSubsets.pdb" /TLBID:1 /DYNAMICBASE /NXCOMPAT /IMPLIB:"F:\StudyMaterial\VS2010 Projects\Projects\PrintAllSubsets\Debug\PrintAllSubsets.lib" /MACHINE:X86 Debug\main.obj
         LINK : F:\StudyMaterial\VS2010 Projects\Projects\PrintAllSubsets\Debug\PrintAllSubsets.exe not found or not built by the last incremental link; performing full link
         PrintAllSubsets.vcxproj -> F:\StudyMaterial\VS2010 Projects\Projects\PrintAllSubsets\Debug\PrintAllSubsets.exe
       Manifest:
         C:\Program Files (x86)\Microsoft SDKs\Windows\v7.0A\bin\mt.exe /nologo /verbose /outputresource:"F:\StudyMaterial\VS2010 Projects\Projects\PrintAllSubsets\Debug\PrintAllSubsets.exe;#1" /manifest Debug\PrintAllSubsets.exe.intermediate.manifest
       FinalizeBuildStatus:
         Deleting file "Debug\PrintAllSubsets.unsuccessfulbuild".
         Touching "Debug\PrintAllSubsets.lastbuildstate".
     1>Done Building Project "F:\StudyMaterial\VS2010 Projects\Projects\PrintAllSubsets\PrintAllSubsets\PrintAllSubsets.vcxproj" (build target(s)).

Build succeeded.

Time Elapsed 00:00:00.84
