Build started 11/7/2012 7:43:58 PM.
     1>Project "F:\StudyMaterial\VS2010_Projects\Projects\Trie_Implementation\Trie_Implementation\Trie_Implementation.vcxproj" on node 2 (build target(s)).
     1>InitializeBuildStatus:
         Creating "Debug\Trie_Implementation.unsuccessfulbuild" because "AlwaysCreate" was specified.
       ClCompile:
         c:\Program Files (x86)\Microsoft Visual Studio 10.0\VC\bin\CL.exe /c /ZI /nologo /W3 /WX- /Od /Oy- /D _MBCS /Gm /EHsc /RTC1 /MDd /GS /fp:precise /Zc:wchar_t /Zc:forScope /Fo"Debug\\" /Fd"Debug\vc100.pdb" /Gd /TP /analyze- /errorReport:prompt Node.cpp Trie.cpp main.cpp
         Node.cpp
     1>f:\studymaterial\vs2010_projects\projects\trie_implementation\trie_implementation\node.cpp(15): warning C4018: '<' : signed/unsigned mismatch
         Generating Code...
         Compiling...
         Trie.cpp
     1>f:\studymaterial\vs2010_projects\projects\trie_implementation\trie_implementation\trie.cpp(30): warning C4018: '<' : signed/unsigned mismatch
     1>f:\studymaterial\vs2010_projects\projects\trie_implementation\trie_implementation\trie.cpp(58): warning C4018: '<' : signed/unsigned mismatch
     1>f:\studymaterial\vs2010_projects\projects\trie_implementation\trie_implementation\trie.cpp(80): warning C4018: '<' : signed/unsigned mismatch
         Generating Code...
     1>f:\studymaterial\vs2010_projects\projects\trie_implementation\trie_implementation\trie.cpp(67): warning C4715: 'Trie::SearchWord' : not all control paths return a value
     1>f:\studymaterial\vs2010_projects\projects\trie_implementation\trie_implementation\trie.cpp(104): warning C4715: 'Trie::LengthOfWordAsCombination' : not all control paths return a value
         Skipping... (no relevant changes detected)
         main.cpp
       Link:
         c:\Program Files (x86)\Microsoft Visual Studio 10.0\VC\bin\link.exe /ERRORREPORT:PROMPT /OUT:"F:\StudyMaterial\VS2010_Projects\Projects\Trie_Implementation\Debug\Trie_Implementation.exe" /NOLOGO kernel32.lib user32.lib gdi32.lib winspool.lib comdlg32.lib advapi32.lib shell32.lib ole32.lib oleaut32.lib uuid.lib odbc32.lib odbccp32.lib /MANIFEST /ManifestFile:"Debug\Trie_Implementation.exe.intermediate.manifest" /MANIFESTUAC:"level='asInvoker' uiAccess='false'" /DEBUG /PDB:"F:\StudyMaterial\VS2010_Projects\Projects\Trie_Implementation\Debug\Trie_Implementation.pdb" /TLBID:1 /DYNAMICBASE /NXCOMPAT /IMPLIB:"F:\StudyMaterial\VS2010_Projects\Projects\Trie_Implementation\Debug\Trie_Implementation.lib" /MACHINE:X86 Debug\main.obj
         Debug\Node.obj
         Debug\Trie.obj
         LINK : F:\StudyMaterial\VS2010_Projects\Projects\Trie_Implementation\Debug\Trie_Implementation.exe not found or not built by the last incremental link; performing full link
         Trie_Implementation.vcxproj -> F:\StudyMaterial\VS2010_Projects\Projects\Trie_Implementation\Debug\Trie_Implementation.exe
       Manifest:
         C:\Program Files (x86)\Microsoft SDKs\Windows\v7.0A\bin\mt.exe /nologo /verbose /outputresource:"F:\StudyMaterial\VS2010_Projects\Projects\Trie_Implementation\Debug\Trie_Implementation.exe;#1" /manifest Debug\Trie_Implementation.exe.intermediate.manifest
       FinalizeBuildStatus:
         Deleting file "Debug\Trie_Implementation.unsuccessfulbuild".
         Touching "Debug\Trie_Implementation.lastbuildstate".
     1>Done Building Project "F:\StudyMaterial\VS2010_Projects\Projects\Trie_Implementation\Trie_Implementation\Trie_Implementation.vcxproj" (build target(s)).

Build succeeded.

Time Elapsed 00:00:01.85
