Build started 10/18/2011 6:36:00 PM.
     1>Project "C:\Users\Anand Joshi\Documents\Visual Studio 2010\Projects\PositiveIntegerValue_Hash\PositiveIntegerValue_Hash\PositiveIntegerValue_Hash.vcxproj" on node 2 (build target(s)).
     1>InitializeBuildStatus:
         Creating "Debug\PositiveIntegerValue_Hash.unsuccessfulbuild" because "AlwaysCreate" was specified.
       ClCompile:
         c:\Program Files (x86)\Microsoft Visual Studio 10.0\VC\bin\CL.exe /c /ZI /nologo /W3 /WX- /Od /Oy- /D _MBCS /Gm /EHsc /RTC1 /MDd /GS /fp:precise /Zc:wchar_t /Zc:forScope /Fo"Debug\\" /Fd"Debug\vc100.pdb" /Gd /TP /analyze- /errorReport:prompt main.cpp
         main.cpp
       Link:
         c:\Program Files (x86)\Microsoft Visual Studio 10.0\VC\bin\link.exe /ERRORREPORT:PROMPT /OUT:"C:\Users\Anand Joshi\Documents\Visual Studio 2010\Projects\PositiveIntegerValue_Hash\Debug\PositiveIntegerValue_Hash.exe" /NOLOGO kernel32.lib user32.lib gdi32.lib winspool.lib comdlg32.lib advapi32.lib shell32.lib ole32.lib oleaut32.lib uuid.lib odbc32.lib odbccp32.lib /MANIFEST /ManifestFile:"Debug\PositiveIntegerValue_Hash.exe.intermediate.manifest" /MANIFESTUAC:"level='asInvoker' uiAccess='false'" /DEBUG /PDB:"C:\Users\Anand Joshi\Documents\Visual Studio 2010\Projects\PositiveIntegerValue_Hash\Debug\PositiveIntegerValue_Hash.pdb" /TLBID:1 /DYNAMICBASE /NXCOMPAT /IMPLIB:"C:\Users\Anand Joshi\Documents\Visual Studio 2010\Projects\PositiveIntegerValue_Hash\Debug\PositiveIntegerValue_Hash.lib" /MACHINE:X86 Debug\main.obj
         Debug\PIV_Hash.obj
         LINK : C:\Users\Anand Joshi\Documents\Visual Studio 2010\Projects\PositiveIntegerValue_Hash\Debug\PositiveIntegerValue_Hash.exe not found or not built by the last incremental link; performing full link
         PositiveIntegerValue_Hash.vcxproj -> C:\Users\Anand Joshi\Documents\Visual Studio 2010\Projects\PositiveIntegerValue_Hash\Debug\PositiveIntegerValue_Hash.exe
       Manifest:
         C:\Program Files (x86)\Microsoft SDKs\Windows\v7.0A\bin\mt.exe /nologo /verbose /outputresource:"C:\Users\Anand Joshi\Documents\Visual Studio 2010\Projects\PositiveIntegerValue_Hash\Debug\PositiveIntegerValue_Hash.exe;#1" /manifest Debug\PositiveIntegerValue_Hash.exe.intermediate.manifest
       FinalizeBuildStatus:
         Deleting file "Debug\PositiveIntegerValue_Hash.unsuccessfulbuild".
         Touching "Debug\PositiveIntegerValue_Hash.lastbuildstate".
     1>Done Building Project "C:\Users\Anand Joshi\Documents\Visual Studio 2010\Projects\PositiveIntegerValue_Hash\PositiveIntegerValue_Hash\PositiveIntegerValue_Hash.vcxproj" (build target(s)).

Build succeeded.

Time Elapsed 00:00:02.31
