Build started 10/27/2011 4:41:51 PM.
     1>Project "C:\Users\Anand Joshi\Documents\Visual Studio 2010\Projects\Group4_Hash_Implementation\Group4_Hash_Implementation\Group4_Hash_Implementation.vcxproj" on node 2 (build target(s)).
     1>InitializeBuildStatus:
         Creating "Debug\Group4_Hash_Implementation.unsuccessfulbuild" because "AlwaysCreate" was specified.
       ClCompile:
         c:\Program Files (x86)\Microsoft Visual Studio 10.0\VC\bin\CL.exe /c /ZI /nologo /W3 /WX- /Od /Oy- /D _MBCS /Gm /EHsc /RTC1 /MDd /GS /fp:precise /Zc:wchar_t /Zc:forScope /Fo"Debug\\" /Fd"Debug\vc100.pdb" /Gd /TP /analyze- /errorReport:prompt main.cpp
         main.cpp
     1>c:\users\anand joshi\documents\visual studio 2010\projects\group4_hash_implementation\group4_hash_implementation\group4_hash.h(25): warning C4244: 'return' : conversion from 'double' to 'unsigned int', possible loss of data
       Link:
         c:\Program Files (x86)\Microsoft Visual Studio 10.0\VC\bin\link.exe /ERRORREPORT:PROMPT /OUT:"C:\Users\Anand Joshi\Documents\Visual Studio 2010\Projects\Group4_Hash_Implementation\Debug\Group4_Hash_Implementation.exe" /NOLOGO kernel32.lib user32.lib gdi32.lib winspool.lib comdlg32.lib advapi32.lib shell32.lib ole32.lib oleaut32.lib uuid.lib odbc32.lib odbccp32.lib /MANIFEST /ManifestFile:"Debug\Group4_Hash_Implementation.exe.intermediate.manifest" /MANIFESTUAC:"level='asInvoker' uiAccess='false'" /DEBUG /PDB:"C:\Users\Anand Joshi\Documents\Visual Studio 2010\Projects\Group4_Hash_Implementation\Debug\Group4_Hash_Implementation.pdb" /TLBID:1 /DYNAMICBASE /NXCOMPAT /IMPLIB:"C:\Users\Anand Joshi\Documents\Visual Studio 2010\Projects\Group4_Hash_Implementation\Debug\Group4_Hash_Implementation.lib" /MACHINE:X86 Debug\Group4_Hash.obj
         Debug\main.obj
         LINK : C:\Users\Anand Joshi\Documents\Visual Studio 2010\Projects\Group4_Hash_Implementation\Debug\Group4_Hash_Implementation.exe not found or not built by the last incremental link; performing full link
         Group4_Hash_Implementation.vcxproj -> C:\Users\Anand Joshi\Documents\Visual Studio 2010\Projects\Group4_Hash_Implementation\Debug\Group4_Hash_Implementation.exe
       Manifest:
         C:\Program Files (x86)\Microsoft SDKs\Windows\v7.0A\bin\mt.exe /nologo /verbose /outputresource:"C:\Users\Anand Joshi\Documents\Visual Studio 2010\Projects\Group4_Hash_Implementation\Debug\Group4_Hash_Implementation.exe;#1" /manifest Debug\Group4_Hash_Implementation.exe.intermediate.manifest
       FinalizeBuildStatus:
         Deleting file "Debug\Group4_Hash_Implementation.unsuccessfulbuild".
         Touching "Debug\Group4_Hash_Implementation.lastbuildstate".
     1>Done Building Project "C:\Users\Anand Joshi\Documents\Visual Studio 2010\Projects\Group4_Hash_Implementation\Group4_Hash_Implementation\Group4_Hash_Implementation.vcxproj" (build target(s)).

Build succeeded.

Time Elapsed 00:00:01.98
